<?xml version="1.0" encoding="UTF-8"?>
<!-- Generated by org.testng.reporters.JUnitReportReporter -->
<testsuite hostname="LAPTOP-K26E8UFK" failures="0" tests="1" name="com.automation.testCases.LoginTest" time="10.185" errors="0" timestamp="2024-02-10T20:14:19 IST" skipped="0">
  <testcase classname="com.automation.testCases.LoginTest" name="verifylogin" time="10.185"/>
</testsuite> <!-- com.automation.testCases.LoginTest -->
