<?xml version="1.0" encoding="UTF-8"?>
<!-- Generated by org.testng.reporters.JUnitReportReporter -->
<testsuite hostname="LAPTOP-K26E8UFK" failures="0" tests="1" name="com.automation.testCases.SearchTestCase" time="6.053" errors="0" timestamp="2024-02-13T18:07:03 IST" skipped="0">
  <testcase classname="com.automation.testCases.SearchTestCase" name="searchcoursetest" time="6.053"/>
</testsuite> <!-- com.automation.testCases.SearchTestCase -->
