<?xml version="1.0" encoding="UTF-8"?>
<!-- Generated by org.testng.reporters.JUnitReportReporter -->
<testsuite hostname="LAPTOP-K26E8UFK" failures="0" tests="1" name="com.automation.testCases.TestCaseDemo" time="0.021" errors="0" timestamp="2024-02-10T16:37:00 IST" skipped="0">
  <testcase classname="com.automation.testCases.TestCaseDemo" name="testcheck" time="0.021"/>
</testsuite> <!-- com.automation.testCases.TestCaseDemo -->
