<?xml version="1.0" encoding="UTF-8"?>
<!-- Generated by org.testng.reporters.JUnitReportReporter -->
<testsuite hostname="LAPTOP-K26E8UFK" failures="0" tests="1" name="com.automation.testCases.DashBoardTest" time="37.535" errors="0" timestamp="2024-04-18T18:34:54 IST" skipped="0">
  <testcase classname="com.automation.testCases.DashBoardTest" name="dashboardsetup" time="37.535"/>
</testsuite> <!-- com.automation.testCases.DashBoardTest -->
