<?xml version="1.0" encoding="UTF-8"?>
<!-- Generated by org.testng.reporters.JUnitReportReporter -->
<testsuite hostname="LAPTOP-K26E8UFK" failures="0" tests="1" name="com.automation.testCases.DashBoardTest" time="41.101" errors="0" timestamp="2024-02-16T16:18:08 IST" skipped="0">
  <testcase classname="com.automation.testCases.DashBoardTest" name="dashboardsetup" time="41.101"/>
</testsuite> <!-- com.automation.testCases.DashBoardTest -->
